[INIT] Model loaded in 332.86 ms
[INIT] Memory used for model: 178.48 MB
[INIT] CPU at model load: [56.3, 100.0, 35.3, 25.0]

===== PYTHON FALLBACK SUMMARY =====
Total images inferred:     1429
Model load time:           332.86 ms
Model load memory used:    178.48 MB
Model load CPU snapshot:   [56.3, 100.0, 35.3, 25.0]

Avg inference time:        161.87 ms
Avg memory per inference:  0.12 MB

Per-core average CPU usage during inference:
  CPU 0: 94.95 %
  CPU 1: 97.29 %
  CPU 2: 96.77 %
  CPU 3: 95.54 %
Total CPU usage (max 400%): 384.56 %
====================================

===== FINAL STATS =====
Total tasks completed: 1500
Tasks sent to EC:      71
Tasks run locally:     1429
Percent run locally (ED): 95.2667 %
Percent offloaded (EC):   4.73333 %
Avg latency per task: 113983 ms
========================
