[INIT] Model loaded in 331.90 ms
[INIT] Memory used for model: 178.47 MB
[INIT] CPU at model load: [51.5, 45.5, 16.1, 100.0]

===== PYTHON FALLBACK SUMMARY =====
Total images inferred:     1426
Model load time:           331.90 ms
Model load memory used:    178.47 MB
Model load CPU snapshot:   [51.5, 45.5, 16.1, 100.0]

Avg inference time:        161.97 ms
Avg memory per inference:  0.12 MB

Per-core average CPU usage during inference:
  CPU 0: 95.58 %
  CPU 1: 95.96 %
  CPU 2: 96.06 %
  CPU 3: 96.93 %
Total CPU usage (max 400%): 384.53 %
====================================

===== FINAL STATS =====
Total tasks completed: 1500
Tasks sent to EC:      74
Tasks run locally:     1426
Percent run locally (ED): 95.0667 %
Percent offloaded (EC):   4.93333 %
Avg latency per task: 113642 ms
========================
