[INIT] Model loaded in 324.35 ms
[INIT] Memory used for model: 178.47 MB
[INIT] CPU at model load: [19.2, 100.0, 10.0, 13.3]

===== PYTHON FALLBACK SUMMARY =====
Total images inferred:     1323
Model load time:           324.35 ms
Model load memory used:    178.47 MB
Model load CPU snapshot:   [19.2, 100.0, 10.0, 13.3]

Avg inference time:        162.27 ms
Avg memory per inference:  0.13 MB

Per-core average CPU usage during inference:
  CPU 0: 95.88 %
  CPU 1: 95.85 %
  CPU 2: 94.97 %
  CPU 3: 97.93 %
Total CPU usage (max 400%): 384.62 %
====================================

===== FINAL STATS =====
Total tasks completed: 1500
Tasks sent to EC:      177
Tasks run locally:     1323
Percent run locally (ED): 88.2 %
Percent offloaded (EC):   11.8 %
Avg latency per task: 97589 ms
========================
