[INIT] Model loaded in 336.89 ms
[INIT] Memory used for model: 178.48 MB
[INIT] CPU at model load: [62.9, 100.0, 26.7, 20.0]

===== PYTHON FALLBACK SUMMARY =====
Total images inferred:     1427
Model load time:           336.89 ms
Model load memory used:    178.48 MB
Model load CPU snapshot:   [62.9, 100.0, 26.7, 20.0]

Avg inference time:        163.19 ms
Avg memory per inference:  0.12 MB

Per-core average CPU usage during inference:
  CPU 0: 95.69 %
  CPU 1: 96.16 %
  CPU 2: 97.75 %
  CPU 3: 95.08 %
Total CPU usage (max 400%): 384.68 %
====================================

===== FINAL STATS =====
Total tasks completed: 1500
Tasks sent to EC:      73
Tasks run locally:     1427
Percent run locally (ED): 95.1333 %
Percent offloaded (EC):   4.86667 %
Avg latency per task: 114740 ms
========================
