[INIT] Model loaded in 331.43 ms
[INIT] Memory used for model: 178.48 MB
[INIT] CPU at model load: [55.2, 21.9, 100.0, 16.7]

===== PYTHON FALLBACK SUMMARY =====
Total images inferred:     1416
Model load time:           331.43 ms
Model load memory used:    178.48 MB
Model load CPU snapshot:   [55.2, 21.9, 100.0, 16.7]

Avg inference time:        163.51 ms
Avg memory per inference:  0.12 MB

Per-core average CPU usage during inference:
  CPU 0: 96.08 %
  CPU 1: 95.06 %
  CPU 2: 95.71 %
  CPU 3: 97.99 %
Total CPU usage (max 400%): 384.84 %
====================================

===== FINAL STATS =====
Total tasks completed: 1500
Tasks sent to EC:      84
Tasks run locally:     1416
Percent run locally (ED): 94.4 %
Percent offloaded (EC):   5.6 %
Avg latency per task: 113040 ms
========================
