[INIT] Model loaded in 334.32 ms
[INIT] Memory used for model: 178.47 MB
[INIT] CPU at model load: [43.3, 100.0, 19.4, 24.1]

===== PYTHON FALLBACK SUMMARY =====
Total images inferred:     1428
Model load time:           334.32 ms
Model load memory used:    178.47 MB
Model load CPU snapshot:   [43.3, 100.0, 19.4, 24.1]

Avg inference time:        163.59 ms
Avg memory per inference:  0.12 MB

Per-core average CPU usage during inference:
  CPU 0: 95.06 %
  CPU 1: 96.19 %
  CPU 2: 95.17 %
  CPU 3: 98.29 %
Total CPU usage (max 400%): 384.70 %
====================================

===== FINAL STATS =====
Total tasks completed: 1500
Tasks sent to EC:      72
Tasks run locally:     1428
Percent run locally (ED): 95.2 %
Percent offloaded (EC):   4.8 %
Avg latency per task: 115247 ms
========================
