[INIT] Model loaded in 367.43 ms
[INIT] Memory used for model: 178.47 MB
[INIT] CPU at model load: [100.0, 8.3, 8.1, 13.5]

===== PYTHON FALLBACK SUMMARY =====
Total images inferred:     1327
Model load time:           367.43 ms
Model load memory used:    178.47 MB
Model load CPU snapshot:   [100.0, 8.3, 8.1, 13.5]

Avg inference time:        163.38 ms
Avg memory per inference:  0.13 MB

Per-core average CPU usage during inference:
  CPU 0: 97.00 %
  CPU 1: 95.33 %
  CPU 2: 96.42 %
  CPU 3: 95.98 %
Total CPU usage (max 400%): 384.73 %
====================================

===== FINAL STATS =====
Total tasks completed: 1500
Tasks sent to EC:      173
Tasks run locally:     1327
Percent run locally (ED): 88.4667 %
Percent offloaded (EC):   11.5333 %
Avg latency per task: 98929 ms
========================
