[INIT] Model loaded in 366.52 ms
[INIT] Memory used for model: 178.45 MB
[INIT] CPU at model load: [100.0, 18.9, 10.8, 5.6]

===== PYTHON FALLBACK SUMMARY =====
Total images inferred:     1326
Model load time:           366.52 ms
Model load memory used:    178.45 MB
Model load CPU snapshot:   [100.0, 18.9, 10.8, 5.6]

Avg inference time:        162.15 ms
Avg memory per inference:  0.13 MB

Per-core average CPU usage during inference:
  CPU 0: 98.00 %
  CPU 1: 95.40 %
  CPU 2: 94.97 %
  CPU 3: 96.28 %
Total CPU usage (max 400%): 384.66 %
====================================

===== FINAL STATS =====
Total tasks completed: 1500
Tasks sent to EC:      174
Tasks run locally:     1326
Percent run locally (ED): 88.4 %
Percent offloaded (EC):   11.6 %
Avg latency per task: 98011 ms
========================
