[INIT] Model loaded in 278.22 ms
[INIT] Memory used for model: 178.45 MB
[INIT] CPU at model load: [3.6, 0.0, 7.1, 100.0]

===== PYTHON FALLBACK SUMMARY =====
Total images inferred:     0
Model load time:           278.22 ms
Model load memory used:    178.45 MB
Model load CPU snapshot:   [3.6, 0.0, 7.1, 100.0]

Avg inference time:        0.00 ms
Avg memory per inference:  0.00 MB

Per-core average CPU usage during inference:
  CPU 0: 0.00 %
  CPU 1: 0.00 %
  CPU 2: 0.00 %
  CPU 3: 0.00 %
Total CPU usage (max 400%): 0.00 %
====================================

===== FINAL STATS =====
Total tasks completed: 1000
Tasks sent to EC:      1000
Tasks run locally:     0
Percent run locally (ED): 0 %
Percent offloaded (EC):   100 %
Avg latency per task: 31 ms
========================
