[INIT] Model loaded in 333.86 ms
[INIT] Memory used for model: 178.45 MB
[INIT] CPU at model load: [41.4, 41.9, 21.2, 100.0]

===== PYTHON FALLBACK SUMMARY =====
Total images inferred:     1430
Model load time:           333.86 ms
Model load memory used:    178.45 MB
Model load CPU snapshot:   [41.4, 41.9, 21.2, 100.0]

Avg inference time:        161.55 ms
Avg memory per inference:  0.12 MB

Per-core average CPU usage during inference:
  CPU 0: 95.07 %
  CPU 1: 95.06 %
  CPU 2: 96.75 %
  CPU 3: 98.02 %
Total CPU usage (max 400%): 384.90 %
====================================

===== FINAL STATS =====
Total tasks completed: 1500
Tasks sent to EC:      70
Tasks run locally:     1430
Percent run locally (ED): 95.3333 %
Percent offloaded (EC):   4.66667 %
Avg latency per task: 113818 ms
========================
