[INIT] Model loaded in 329.22 ms
[INIT] Memory used for model: 178.47 MB
[INIT] CPU at model load: [56.7, 20.0, 100.0, 30.3]

===== PYTHON FALLBACK SUMMARY =====
Total images inferred:     1429
Model load time:           329.22 ms
Model load memory used:    178.47 MB
Model load CPU snapshot:   [56.7, 20.0, 100.0, 30.3]

Avg inference time:        163.19 ms
Avg memory per inference:  0.12 MB

Per-core average CPU usage during inference:
  CPU 0: 95.00 %
  CPU 1: 96.85 %
  CPU 2: 97.72 %
  CPU 3: 95.09 %
Total CPU usage (max 400%): 384.66 %
====================================

===== FINAL STATS =====
Total tasks completed: 1500
Tasks sent to EC:      71
Tasks run locally:     1429
Percent run locally (ED): 95.2667 %
Percent offloaded (EC):   4.73333 %
Avg latency per task: 115117 ms
========================
