[INIT] Model loaded in 333.13 ms
[INIT] Memory used for model: 178.47 MB
[INIT] CPU at model load: [53.3, 39.4, 100.0, 16.1]

===== PYTHON FALLBACK SUMMARY =====
Total images inferred:     1422
Model load time:           333.13 ms
Model load memory used:    178.47 MB
Model load CPU snapshot:   [53.3, 39.4, 100.0, 16.1]

Avg inference time:        161.44 ms
Avg memory per inference:  0.12 MB

Per-core average CPU usage during inference:
  CPU 0: 95.02 %
  CPU 1: 96.81 %
  CPU 2: 95.08 %
  CPU 3: 97.74 %
Total CPU usage (max 400%): 384.65 %
====================================

===== FINAL STATS =====
Total tasks completed: 1500
Tasks sent to EC:      78
Tasks run locally:     1422
Percent run locally (ED): 94.8 %
Percent offloaded (EC):   5.2 %
Avg latency per task: 112527 ms
========================
