[INIT] Model loaded in 408.20 ms
[INIT] Memory used for model: 178.48 MB
[INIT] CPU at model load: [100.0, 7.5, 15.4, 12.8]

===== PYTHON FALLBACK SUMMARY =====
Total images inferred:     1424
Model load time:           408.20 ms
Model load memory used:    178.48 MB
Model load CPU snapshot:   [100.0, 7.5, 15.4, 12.8]

Avg inference time:        161.08 ms
Avg memory per inference:  0.12 MB

Per-core average CPU usage during inference:
  CPU 0: 96.07 %
  CPU 1: 95.07 %
  CPU 2: 95.05 %
  CPU 3: 98.66 %
Total CPU usage (max 400%): 384.85 %
====================================

===== FINAL STATS =====
Total tasks completed: 1500
Tasks sent to EC:      76
Tasks run locally:     1424
Percent run locally (ED): 94.9333 %
Percent offloaded (EC):   5.06667 %
Avg latency per task: 112668 ms
========================
