[INIT] Model loaded in 134.55 ms
[INIT] Memory used for model: 178.44 MB
[INIT] CPU at model load: [0.0, 100.0, 0.0, 0.0]

===== PYTHON FALLBACK SUMMARY =====
Total images inferred:     0
Model load time:           134.55 ms
Model load memory used:    178.44 MB
Model load CPU snapshot:   [0.0, 100.0, 0.0, 0.0]

Avg inference time:        0.00 ms
Avg memory per inference:  0.00 MB

Per-core average CPU usage during inference:
  CPU 0: 0.00 %
  CPU 1: 0.00 %
  CPU 2: 0.00 %
  CPU 3: 0.00 %
Total CPU usage (max 400%): 0.00 %
====================================

===== FINAL STATS =====
Total tasks generated:   1002
Total execution time:    100072 ms

Total tasks completed:   1002
Tasks sent to EC:        1002
Tasks run locally:       0
Percent local (ED):      0 %
Percent offloaded (EC):  100 %
Avg latency per task:    35 ms
=========================
