[INIT] Model loaded in 331.91 ms
[INIT] Memory used for model: 178.48 MB
[INIT] CPU at model load: [51.5, 100.0, 21.9, 23.3]

===== PYTHON FALLBACK SUMMARY =====
Total images inferred:     1425
Model load time:           331.91 ms
Model load memory used:    178.48 MB
Model load CPU snapshot:   [51.5, 100.0, 21.9, 23.3]

Avg inference time:        162.61 ms
Avg memory per inference:  0.12 MB

Per-core average CPU usage during inference:
  CPU 0: 95.20 %
  CPU 1: 95.37 %
  CPU 2: 96.91 %
  CPU 3: 97.29 %
Total CPU usage (max 400%): 384.77 %
====================================

===== FINAL STATS =====
Total tasks completed: 1500
Tasks sent to EC:      75
Tasks run locally:     1425
Percent run locally (ED): 95 %
Percent offloaded (EC):   5 %
Avg latency per task: 113939 ms
========================
