[INIT] Model loaded in 282.66 ms
[INIT] Memory used for model: 178.47 MB
[INIT] CPU at model load: [11.5, 10.3, 0.0, 100.0]

===== PYTHON FALLBACK SUMMARY =====
Total images inferred:     20
Model load time:           282.66 ms
Model load memory used:    178.47 MB
Model load CPU snapshot:   [11.5, 10.3, 0.0, 100.0]

Avg inference time:        148.52 ms
Avg memory per inference:  8.55 MB

Per-core average CPU usage during inference:
  CPU 0: 93.41 %
  CPU 1: 92.73 %
  CPU 2: 92.66 %
  CPU 3: 99.73 %
Total CPU usage (max 400%): 378.54 %
====================================

===== FINAL STATS =====
Total tasks completed: 150
Tasks sent to EC:      130
Tasks run locally:     20
Percent run locally (ED): 13.3333 %
Percent offloaded (EC):   86.6667 %
Avg latency per task: 293 ms
========================
