[INIT] Model loaded in 365.83 ms
[INIT] Memory used for model: 178.84 MB
[INIT] CPU at model load: [100.0, 22.2, 10.5, 0.0]

===== PYTHON FALLBACK SUMMARY =====
Total images inferred:     1327
Model load time:           365.83 ms
Model load memory used:    178.84 MB
Model load CPU snapshot:   [100.0, 22.2, 10.5, 0.0]

Avg inference time:        163.59 ms
Avg memory per inference:  0.13 MB

Per-core average CPU usage during inference:
  CPU 0: 99.86 %
  CPU 1: 94.75 %
  CPU 2: 94.92 %
  CPU 3: 95.11 %
Total CPU usage (max 400%): 384.65 %
====================================

===== FINAL STATS =====
Total tasks completed: 1500
Tasks sent to EC:      173
Tasks run locally:     1327
Percent run locally (ED): 88.4667 %
Percent offloaded (EC):   11.5333 %
Avg latency per task: 99061 ms
========================
