[INIT] Model loaded in 330.77 ms
[INIT] Memory used for model: 178.45 MB
[INIT] CPU at model load: [56.3, 34.3, 10.0, 100.0]

===== PYTHON FALLBACK SUMMARY =====
Total images inferred:     1418
Model load time:           330.77 ms
Model load memory used:    178.45 MB
Model load CPU snapshot:   [56.3, 34.3, 10.0, 100.0]

Avg inference time:        162.79 ms
Avg memory per inference:  0.12 MB

Per-core average CPU usage during inference:
  CPU 0: 96.29 %
  CPU 1: 95.02 %
  CPU 2: 95.01 %
  CPU 3: 98.42 %
Total CPU usage (max 400%): 384.74 %
====================================

===== FINAL STATS =====
Total tasks completed: 1500
Tasks sent to EC:      82
Tasks run locally:     1418
Percent run locally (ED): 94.5333 %
Percent offloaded (EC):   5.46667 %
Avg latency per task: 112919 ms
========================
