[INIT] Model loaded in 334.44 ms
[INIT] Memory used for model: 178.48 MB
[INIT] CPU at model load: [55.2, 100.0, 29.0, 17.6]

===== PYTHON FALLBACK SUMMARY =====
Total images inferred:     1426
Model load time:           334.44 ms
Model load memory used:    178.48 MB
Model load CPU snapshot:   [55.2, 100.0, 29.0, 17.6]

Avg inference time:        164.26 ms
Avg memory per inference:  0.12 MB

Per-core average CPU usage during inference:
  CPU 0: 96.91 %
  CPU 1: 95.66 %
  CPU 2: 96.15 %
  CPU 3: 95.83 %
Total CPU usage (max 400%): 384.54 %
====================================

===== FINAL STATS =====
Total tasks completed: 1500
Tasks sent to EC:      74
Tasks run locally:     1426
Percent run locally (ED): 95.0667 %
Percent offloaded (EC):   4.93333 %
Avg latency per task: 115335 ms
========================
