[INIT] Model loaded in 322.05 ms
[INIT] Memory used for model: 178.48 MB
[INIT] CPU at model load: [29.0, 3.2, 29.0, 97.0]

===== PYTHON FALLBACK SUMMARY =====
Total images inferred:     1325
Model load time:           322.05 ms
Model load memory used:    178.48 MB
Model load CPU snapshot:   [29.0, 3.2, 29.0, 97.0]

Avg inference time:        162.94 ms
Avg memory per inference:  0.13 MB

Per-core average CPU usage during inference:
  CPU 0: 95.03 %
  CPU 1: 95.07 %
  CPU 2: 97.24 %
  CPU 3: 97.56 %
Total CPU usage (max 400%): 384.90 %
====================================

===== FINAL STATS =====
Total tasks completed: 1500
Tasks sent to EC:      175
Tasks run locally:     1325
Percent run locally (ED): 88.3333 %
Percent offloaded (EC):   11.6667 %
Avg latency per task: 98198 ms
========================
