[INIT] Model loaded in 330.21 ms
[INIT] Memory used for model: 178.47 MB
[INIT] CPU at model load: [62.9, 100.0, 12.1, 38.7]

===== PYTHON FALLBACK SUMMARY =====
Total images inferred:     1428
Model load time:           330.21 ms
Model load memory used:    178.47 MB
Model load CPU snapshot:   [62.9, 100.0, 12.1, 38.7]

Avg inference time:        161.98 ms
Avg memory per inference:  0.12 MB

Per-core average CPU usage during inference:
  CPU 0: 94.98 %
  CPU 1: 96.81 %
  CPU 2: 95.99 %
  CPU 3: 96.80 %
Total CPU usage (max 400%): 384.57 %
====================================

===== FINAL STATS =====
Total tasks completed: 1500
Tasks sent to EC:      72
Tasks run locally:     1428
Percent run locally (ED): 95.2 %
Percent offloaded (EC):   4.8 %
Avg latency per task: 114161 ms
========================
