[INIT] Model loaded in 365.06 ms
[INIT] Memory used for model: 178.45 MB
[INIT] CPU at model load: [100.0, 5.7, 8.8, 5.7]

===== PYTHON FALLBACK SUMMARY =====
Total images inferred:     1327
Model load time:           365.06 ms
Model load memory used:    178.45 MB
Model load CPU snapshot:   [100.0, 5.7, 8.8, 5.7]

Avg inference time:        163.09 ms
Avg memory per inference:  0.13 MB

Per-core average CPU usage during inference:
  CPU 0: 96.03 %
  CPU 1: 97.23 %
  CPU 2: 94.94 %
  CPU 3: 96.46 %
Total CPU usage (max 400%): 384.66 %
====================================

===== FINAL STATS =====
Total tasks completed: 1500
Tasks sent to EC:      173
Tasks run locally:     1327
Percent run locally (ED): 88.4667 %
Percent offloaded (EC):   11.5333 %
Avg latency per task: 98745 ms
========================
