[INIT] Model loaded in 329.34 ms
[INIT] Memory used for model: 178.47 MB
[INIT] CPU at model load: [53.3, 28.1, 27.6, 100.0]

===== PYTHON FALLBACK SUMMARY =====
Total images inferred:     1423
Model load time:           329.34 ms
Model load memory used:    178.47 MB
Model load CPU snapshot:   [53.3, 28.1, 27.6, 100.0]

Avg inference time:        162.78 ms
Avg memory per inference:  0.12 MB

Per-core average CPU usage during inference:
  CPU 0: 95.01 %
  CPU 1: 96.30 %
  CPU 2: 96.67 %
  CPU 3: 96.78 %
Total CPU usage (max 400%): 384.76 %
====================================

===== FINAL STATS =====
Total tasks completed: 1500
Tasks sent to EC:      77
Tasks run locally:     1423
Percent run locally (ED): 94.8667 %
Percent offloaded (EC):   5.13333 %
Avg latency per task: 113700 ms
========================
