[INIT] Model loaded in 319.46 ms
[INIT] Memory used for model: 178.47 MB
[INIT] CPU at model load: [31.2, 6.9, 100.0, 21.9]

===== PYTHON FALLBACK SUMMARY =====
Total images inferred:     1326
Model load time:           319.46 ms
Model load memory used:    178.47 MB
Model load CPU snapshot:   [31.2, 6.9, 100.0, 21.9]

Avg inference time:        162.86 ms
Avg memory per inference:  0.13 MB

Per-core average CPU usage during inference:
  CPU 0: 95.08 %
  CPU 1: 96.74 %
  CPU 2: 96.67 %
  CPU 3: 96.42 %
Total CPU usage (max 400%): 384.91 %
====================================

===== FINAL STATS =====
Total tasks completed: 1500
Tasks sent to EC:      174
Tasks run locally:     1326
Percent run locally (ED): 88.4 %
Percent offloaded (EC):   11.6 %
Avg latency per task: 98453 ms
========================
