[INIT] Model loaded in 329.98 ms
[INIT] Memory used for model: 178.47 MB
[INIT] CPU at model load: [53.1, 16.7, 100.0, 30.0]

===== PYTHON FALLBACK SUMMARY =====
Total images inferred:     1423
Model load time:           329.98 ms
Model load memory used:    178.47 MB
Model load CPU snapshot:   [53.1, 16.7, 100.0, 30.0]

Avg inference time:        163.08 ms
Avg memory per inference:  0.12 MB

Per-core average CPU usage during inference:
  CPU 0: 96.80 %
  CPU 1: 95.06 %
  CPU 2: 95.93 %
  CPU 3: 97.08 %
Total CPU usage (max 400%): 384.88 %
====================================

===== FINAL STATS =====
Total tasks completed: 1500
Tasks sent to EC:      77
Tasks run locally:     1423
Percent run locally (ED): 94.8667 %
Percent offloaded (EC):   5.13333 %
Avg latency per task: 113842 ms
========================
