[INIT] Model loaded in 289.68 ms
[INIT] Memory used for model: 178.45 MB
[INIT] CPU at model load: [17.9, 100.0, 3.7, 3.6]

===== PYTHON FALLBACK SUMMARY =====
Total images inferred:     48
Model load time:           289.68 ms
Model load memory used:    178.45 MB
Model load CPU snapshot:   [17.9, 100.0, 3.7, 3.6]

Avg inference time:        145.32 ms
Avg memory per inference:  3.55 MB

Per-core average CPU usage during inference:
  CPU 0: 94.40 %
  CPU 1: 100.00 %
  CPU 2: 94.07 %
  CPU 3: 94.34 %
Total CPU usage (max 400%): 382.80 %
====================================

===== FINAL STATS =====
Total tasks completed: 150
Tasks sent to EC:      102
Tasks run locally:     48
Percent run locally (ED): 32 %
Percent offloaded (EC):   68 %
Avg latency per task: 1279 ms
========================
