[INIT] Model loaded in 404.04 ms
[INIT] Memory used for model: 178.47 MB
[INIT] CPU at model load: [100.0, 20.0, 22.0, 14.3]

===== PYTHON FALLBACK SUMMARY =====
Total images inferred:     1425
Model load time:           404.04 ms
Model load memory used:    178.47 MB
Model load CPU snapshot:   [100.0, 20.0, 22.0, 14.3]

Avg inference time:        164.01 ms
Avg memory per inference:  0.12 MB

Per-core average CPU usage during inference:
  CPU 0: 96.62 %
  CPU 1: 95.11 %
  CPU 2: 97.44 %
  CPU 3: 95.73 %
Total CPU usage (max 400%): 384.90 %
====================================

===== FINAL STATS =====
Total tasks completed: 1500
Tasks sent to EC:      75
Tasks run locally:     1425
Percent run locally (ED): 95 %
Percent offloaded (EC):   5 %
Avg latency per task: 115080 ms
========================
