[INIT] Model loaded in 332.25 ms
[INIT] Memory used for model: 178.48 MB
[INIT] CPU at model load: [58.1, 28.1, 16.1, 100.0]

===== PYTHON FALLBACK SUMMARY =====
Total images inferred:     1420
Model load time:           332.25 ms
Model load memory used:    178.48 MB
Model load CPU snapshot:   [58.1, 28.1, 16.1, 100.0]

Avg inference time:        163.24 ms
Avg memory per inference:  0.12 MB

Per-core average CPU usage during inference:
  CPU 0: 95.03 %
  CPU 1: 97.18 %
  CPU 2: 96.82 %
  CPU 3: 95.65 %
Total CPU usage (max 400%): 384.69 %
====================================

===== FINAL STATS =====
Total tasks completed: 1500
Tasks sent to EC:      80
Tasks run locally:     1420
Percent run locally (ED): 94.6667 %
Percent offloaded (EC):   5.33333 %
Avg latency per task: 113440 ms
========================
