[INIT] Model loaded in 327.17 ms
[INIT] Memory used for model: 178.48 MB
[INIT] CPU at model load: [45.5, 32.4, 29.4, 100.0]

===== PYTHON FALLBACK SUMMARY =====
Total images inferred:     1420
Model load time:           327.17 ms
Model load memory used:    178.48 MB
Model load CPU snapshot:   [45.5, 32.4, 29.4, 100.0]

Avg inference time:        162.46 ms
Avg memory per inference:  0.12 MB

Per-core average CPU usage during inference:
  CPU 0: 95.32 %
  CPU 1: 96.80 %
  CPU 2: 95.77 %
  CPU 3: 96.84 %
Total CPU usage (max 400%): 384.74 %
====================================

===== FINAL STATS =====
Total tasks completed: 1500
Tasks sent to EC:      80
Tasks run locally:     1420
Percent run locally (ED): 94.6667 %
Percent offloaded (EC):   5.33333 %
Avg latency per task: 112928 ms
========================
