[INIT] Model loaded in 334.77 ms
[INIT] Memory used for model: 178.47 MB
[INIT] CPU at model load: [57.1, 100.0, 41.2, 23.5]

===== PYTHON FALLBACK SUMMARY =====
Total images inferred:     1428
Model load time:           334.77 ms
Model load memory used:    178.47 MB
Model load CPU snapshot:   [57.1, 100.0, 41.2, 23.5]

Avg inference time:        162.52 ms
Avg memory per inference:  0.12 MB

Per-core average CPU usage during inference:
  CPU 0: 95.92 %
  CPU 1: 98.20 %
  CPU 2: 95.39 %
  CPU 3: 95.08 %
Total CPU usage (max 400%): 384.60 %
====================================

===== FINAL STATS =====
Total tasks completed: 1500
Tasks sent to EC:      72
Tasks run locally:     1428
Percent run locally (ED): 95.2 %
Percent offloaded (EC):   4.8 %
Avg latency per task: 114381 ms
========================
