[INIT] Model loaded in 329.12 ms
[INIT] Memory used for model: 178.48 MB
[INIT] CPU at model load: [50.0, 100.0, 28.1, 18.2]

===== PYTHON FALLBACK SUMMARY =====
Total images inferred:     1416
Model load time:           329.12 ms
Model load memory used:    178.48 MB
Model load CPU snapshot:   [50.0, 100.0, 28.1, 18.2]

Avg inference time:        161.06 ms
Avg memory per inference:  0.12 MB

Per-core average CPU usage during inference:
  CPU 0: 96.99 %
  CPU 1: 97.60 %
  CPU 2: 94.99 %
  CPU 3: 95.04 %
Total CPU usage (max 400%): 384.63 %
====================================

===== FINAL STATS =====
Total tasks completed: 1500
Tasks sent to EC:      84
Tasks run locally:     1416
Percent run locally (ED): 94.4 %
Percent offloaded (EC):   5.6 %
Avg latency per task: 111420 ms
========================
