[INIT] Model loaded in 329.62 ms
[INIT] Memory used for model: 178.66 MB
[INIT] CPU at model load: [50.0, 25.8, 100.0, 15.2]

===== PYTHON FALLBACK SUMMARY =====
Total images inferred:     1421
Model load time:           329.62 ms
Model load memory used:    178.66 MB
Model load CPU snapshot:   [50.0, 25.8, 100.0, 15.2]

Avg inference time:        163.10 ms
Avg memory per inference:  0.12 MB

Per-core average CPU usage during inference:
  CPU 0: 95.97 %
  CPU 1: 95.07 %
  CPU 2: 97.19 %
  CPU 3: 96.68 %
Total CPU usage (max 400%): 384.92 %
====================================

===== FINAL STATS =====
Total tasks completed: 1500
Tasks sent to EC:      79
Tasks run locally:     1421
Percent run locally (ED): 94.7333 %
Percent offloaded (EC):   5.26667 %
Avg latency per task: 113400 ms
========================
