[INIT] Model loaded in 281.97 ms
[INIT] Memory used for model: 178.47 MB
[INIT] CPU at model load: [8.0, 11.1, 0.0, 100.0]

===== PYTHON FALLBACK SUMMARY =====
Total images inferred:     23
Model load time:           281.97 ms
Model load memory used:    178.47 MB
Model load CPU snapshot:   [8.0, 11.1, 0.0, 100.0]

Avg inference time:        148.66 ms
Avg memory per inference:  7.42 MB

Per-core average CPU usage during inference:
  CPU 0: 28.19 %
  CPU 1: 26.66 %
  CPU 2: 27.39 %
  CPU 3: 27.21 %
Total CPU usage (max 400%): 109.45 %
====================================

===== FINAL STATS =====
Total tasks completed: 1500
Tasks sent to EC:      1477
Tasks run locally:     23
Percent run locally (ED): 1.53333 %
Percent offloaded (EC):   98.4667 %
Avg latency per task: 126 ms
========================
