[INIT] Model loaded in 330.33 ms
[INIT] Memory used for model: 178.48 MB
[INIT] CPU at model load: [50.0, 15.2, 20.7, 100.0]

===== PYTHON FALLBACK SUMMARY =====
Total images inferred:     1422
Model load time:           330.33 ms
Model load memory used:    178.48 MB
Model load CPU snapshot:   [50.0, 15.2, 20.7, 100.0]

Avg inference time:        163.83 ms
Avg memory per inference:  0.12 MB

Per-core average CPU usage during inference:
  CPU 0: 97.79 %
  CPU 1: 95.07 %
  CPU 2: 95.02 %
  CPU 3: 96.93 %
Total CPU usage (max 400%): 384.82 %
====================================

===== FINAL STATS =====
Total tasks completed: 1500
Tasks sent to EC:      78
Tasks run locally:     1422
Percent run locally (ED): 94.8 %
Percent offloaded (EC):   5.2 %
Avg latency per task: 114116 ms
========================
