[INIT] Model loaded in 334.08 ms
[INIT] Memory used for model: 178.47 MB
[INIT] CPU at model load: [51.6, 100.0, 34.3, 20.0]

===== PYTHON FALLBACK SUMMARY =====
Total images inferred:     1425
Model load time:           334.08 ms
Model load memory used:    178.47 MB
Model load CPU snapshot:   [51.6, 100.0, 34.3, 20.0]

Avg inference time:        162.04 ms
Avg memory per inference:  0.12 MB

Per-core average CPU usage during inference:
  CPU 0: 95.37 %
  CPU 1: 96.88 %
  CPU 2: 97.35 %
  CPU 3: 95.07 %
Total CPU usage (max 400%): 384.68 %
====================================

===== FINAL STATS =====
Total tasks completed: 1500
Tasks sent to EC:      75
Tasks run locally:     1425
Percent run locally (ED): 95 %
Percent offloaded (EC):   5 %
Avg latency per task: 113695 ms
========================
