[INIT] Model loaded in 397.96 ms
[INIT] Memory used for model: 178.48 MB
[INIT] CPU at model load: [100.0, 10.3, 22.0, 7.7]

===== PYTHON FALLBACK SUMMARY =====
Total images inferred:     1422
Model load time:           397.96 ms
Model load memory used:    178.48 MB
Model load CPU snapshot:   [100.0, 10.3, 22.0, 7.7]

Avg inference time:        162.45 ms
Avg memory per inference:  0.12 MB

Per-core average CPU usage during inference:
  CPU 0: 97.17 %
  CPU 1: 96.39 %
  CPU 2: 95.55 %
  CPU 3: 95.67 %
Total CPU usage (max 400%): 384.78 %
====================================

===== FINAL STATS =====
Total tasks completed: 1500
Tasks sent to EC:      78
Tasks run locally:     1422
Percent run locally (ED): 94.8 %
Percent offloaded (EC):   5.2 %
Avg latency per task: 113385 ms
========================
