[INIT] Model loaded in 334.01 ms
[INIT] Memory used for model: 178.47 MB
[INIT] CPU at model load: [58.8, 28.1, 100.0, 26.5]

===== PYTHON FALLBACK SUMMARY =====
Total images inferred:     1429
Model load time:           334.01 ms
Model load memory used:    178.47 MB
Model load CPU snapshot:   [58.8, 28.1, 100.0, 26.5]

Avg inference time:        161.36 ms
Avg memory per inference:  0.12 MB

Per-core average CPU usage during inference:
  CPU 0: 94.99 %
  CPU 1: 95.04 %
  CPU 2: 97.32 %
  CPU 3: 97.34 %
Total CPU usage (max 400%): 384.70 %
====================================

===== FINAL STATS =====
Total tasks completed: 1500
Tasks sent to EC:      71
Tasks run locally:     1429
Percent run locally (ED): 95.2667 %
Percent offloaded (EC):   4.73333 %
Avg latency per task: 113516 ms
========================
