[INIT] Model loaded in 315.80 ms
[INIT] Memory used for model: 178.47 MB
[INIT] CPU at model load: [26.7, 100.0, 9.7, 0.0]

===== PYTHON FALLBACK SUMMARY =====
Total images inferred:     733
Model load time:           315.80 ms
Model load memory used:    178.47 MB
Model load CPU snapshot:   [26.7, 100.0, 9.7, 0.0]

Avg inference time:        155.73 ms
Avg memory per inference:  0.24 MB

Per-core average CPU usage during inference:
  CPU 0: 99.40 %
  CPU 1: 95.26 %
  CPU 2: 94.91 %
  CPU 3: 95.03 %
Total CPU usage (max 400%): 384.61 %
====================================

===== FINAL STATS =====
Total tasks completed: 1500
Tasks sent to EC:      767
Tasks run locally:     733
Percent run locally (ED): 48.8667 %
Percent offloaded (EC):   51.1333 %
Avg latency per task: 27308 ms
========================
