[INIT] Model loaded in 341.82 ms
[INIT] Memory used for model: 178.47 MB
[INIT] CPU at model load: [100.0, 0.0, 5.7, 3.1]

===== PYTHON FALLBACK SUMMARY =====
Total images inferred:     731
Model load time:           341.82 ms
Model load memory used:    178.47 MB
Model load CPU snapshot:   [100.0, 0.0, 5.7, 3.1]

Avg inference time:        158.10 ms
Avg memory per inference:  0.24 MB

Per-core average CPU usage during inference:
  CPU 0: 95.34 %
  CPU 1: 97.19 %
  CPU 2: 94.92 %
  CPU 3: 96.89 %
Total CPU usage (max 400%): 384.34 %
====================================

===== FINAL STATS =====
Total tasks completed: 1500
Tasks sent to EC:      769
Tasks run locally:     731
Percent run locally (ED): 48.7333 %
Percent offloaded (EC):   51.2667 %
Avg latency per task: 27648 ms
========================
