[INIT] Model loaded in 343.07 ms
[INIT] Memory used for model: 178.47 MB
[INIT] CPU at model load: [100.0, 8.6, 5.7, 8.3]

===== PYTHON FALLBACK SUMMARY =====
Total images inferred:     733
Model load time:           343.07 ms
Model load memory used:    178.47 MB
Model load CPU snapshot:   [100.0, 8.6, 5.7, 8.3]

Avg inference time:        159.84 ms
Avg memory per inference:  0.24 MB

Per-core average CPU usage during inference:
  CPU 0: 96.19 %
  CPU 1: 95.05 %
  CPU 2: 97.62 %
  CPU 3: 95.87 %
Total CPU usage (max 400%): 384.73 %
====================================

===== FINAL STATS =====
Total tasks completed: 1500
Tasks sent to EC:      767
Tasks run locally:     733
Percent run locally (ED): 48.8667 %
Percent offloaded (EC):   51.1333 %
Avg latency per task: 28099 ms
========================
