[INIT] Model loaded in 303.48 ms
[INIT] Memory used for model: 178.47 MB
[INIT] CPU at model load: [7.7, 16.1, 100.0, 6.9]

===== PYTHON FALLBACK SUMMARY =====
Total images inferred:     730
Model load time:           303.48 ms
Model load memory used:    178.47 MB
Model load CPU snapshot:   [7.7, 16.1, 100.0, 6.9]

Avg inference time:        149.29 ms
Avg memory per inference:  0.24 MB

Per-core average CPU usage during inference:
  CPU 0: 95.00 %
  CPU 1: 97.75 %
  CPU 2: 96.26 %
  CPU 3: 95.60 %
Total CPU usage (max 400%): 384.60 %
====================================

===== FINAL STATS =====
Total tasks completed: 1500
Tasks sent to EC:      770
Tasks run locally:     730
Percent run locally (ED): 48.6667 %
Percent offloaded (EC):   51.3333 %
Avg latency per task: 25971 ms
========================
