[INIT] Model loaded in 311.05 ms
[INIT] Memory used for model: 178.48 MB
[INIT] CPU at model load: [31.2, 0.0, 6.7, 100.0]

===== PYTHON FALLBACK SUMMARY =====
Total images inferred:     727
Model load time:           311.05 ms
Model load memory used:    178.48 MB
Model load CPU snapshot:   [31.2, 0.0, 6.7, 100.0]

Avg inference time:        160.81 ms
Avg memory per inference:  0.24 MB

Per-core average CPU usage during inference:
  CPU 0: 98.04 %
  CPU 1: 95.02 %
  CPU 2: 95.24 %
  CPU 3: 96.54 %
Total CPU usage (max 400%): 384.84 %
====================================

===== FINAL STATS =====
Total tasks completed: 1500
Tasks sent to EC:      773
Tasks run locally:     727
Percent run locally (ED): 48.4667 %
Percent offloaded (EC):   51.5333 %
Avg latency per task: 27727 ms
========================
