[INIT] Model loaded in 136.02 ms
[INIT] Memory used for model: 178.44 MB
[INIT] CPU at model load: [7.1, 7.7, 0.0, 100.0]

===== PYTHON FALLBACK SUMMARY =====
Total images inferred:     0
Model load time:           136.02 ms
Model load memory used:    178.44 MB
Model load CPU snapshot:   [7.1, 7.7, 0.0, 100.0]

Avg inference time:        0.00 ms
Avg memory per inference:  0.00 MB

Per-core average CPU usage during inference:
  CPU 0: 0.00 %
  CPU 1: 0.00 %
  CPU 2: 0.00 %
  CPU 3: 0.00 %
Total CPU usage (max 400%): 0.00 %
====================================

===== FINAL STATS =====
Total tasks generated:   2528
Total execution time:    100107 ms

Total tasks completed:   2528
Tasks sent to EC:        2528
Tasks run locally:       0
Percent local (ED):      0 %
Percent offloaded (EC):  100 %
Avg latency per task:    36 ms
=========================
