[INIT] Model loaded in 310.92 ms
[INIT] Memory used for model: 178.48 MB
[INIT] CPU at model load: [100.0, 3.2, 9.4, 3.2]

===== PYTHON FALLBACK SUMMARY =====
Total images inferred:     730
Model load time:           310.92 ms
Model load memory used:    178.48 MB
Model load CPU snapshot:   [100.0, 3.2, 9.4, 3.2]

Avg inference time:        147.40 ms
Avg memory per inference:  0.24 MB

Per-core average CPU usage during inference:
  CPU 0: 99.34 %
  CPU 1: 94.85 %
  CPU 2: 95.14 %
  CPU 3: 95.04 %
Total CPU usage (max 400%): 384.38 %
====================================

===== FINAL STATS =====
Total tasks completed: 1500
Tasks sent to EC:      770
Tasks run locally:     730
Percent run locally (ED): 48.6667 %
Percent offloaded (EC):   51.3333 %
Avg latency per task: 25444 ms
========================
