[INIT] Model loaded in 314.31 ms
[INIT] Memory used for model: 178.48 MB
[INIT] CPU at model load: [17.2, 3.1, 10.0, 100.0]

===== PYTHON FALLBACK SUMMARY =====
Total images inferred:     730
Model load time:           314.31 ms
Model load memory used:    178.48 MB
Model load CPU snapshot:   [17.2, 3.1, 10.0, 100.0]

Avg inference time:        149.21 ms
Avg memory per inference:  0.24 MB

Per-core average CPU usage during inference:
  CPU 0: 95.11 %
  CPU 1: 96.51 %
  CPU 2: 96.24 %
  CPU 3: 97.07 %
Total CPU usage (max 400%): 384.92 %
====================================

===== FINAL STATS =====
Total tasks completed: 1500
Tasks sent to EC:      770
Tasks run locally:     730
Percent run locally (ED): 48.6667 %
Percent offloaded (EC):   51.3333 %
Avg latency per task: 25943 ms
========================
