[INIT] Model loaded in 317.21 ms
[INIT] Memory used for model: 178.48 MB
[INIT] CPU at model load: [20.7, 3.0, 100.0, 15.6]

===== PYTHON FALLBACK SUMMARY =====
Total images inferred:     1024
Model load time:           317.21 ms
Model load memory used:    178.48 MB
Model load CPU snapshot:   [20.7, 3.0, 100.0, 15.6]

Avg inference time:        161.65 ms
Avg memory per inference:  0.17 MB

Per-core average CPU usage during inference:
  CPU 0: 98.06 %
  CPU 1: 94.95 %
  CPU 2: 96.40 %
  CPU 3: 95.02 %
Total CPU usage (max 400%): 384.44 %
====================================

===== FINAL STATS =====
Total tasks completed: 1500
Tasks sent to EC:      476
Tasks run locally:     1024
Percent run locally (ED): 68.2667 %
Percent offloaded (EC):   31.7333 %
Avg latency per task: 57256 ms
========================
