[INIT] Model loaded in 310.07 ms
[INIT] Memory used for model: 178.47 MB
[INIT] CPU at model load: [3.8, 0.0, 25.0, 100.0]

===== PYTHON FALLBACK SUMMARY =====
Total images inferred:     1025
Model load time:           310.07 ms
Model load memory used:    178.47 MB
Model load CPU snapshot:   [3.8, 0.0, 25.0, 100.0]

Avg inference time:        164.40 ms
Avg memory per inference:  0.17 MB

Per-core average CPU usage during inference:
  CPU 0: 95.19 %
  CPU 1: 95.24 %
  CPU 2: 97.46 %
  CPU 3: 97.46 %
Total CPU usage (max 400%): 385.34 %
====================================

===== FINAL STATS =====
Total tasks completed: 1500
Tasks sent to EC:      475
Tasks run locally:     1025
Percent run locally (ED): 68.3333 %
Percent offloaded (EC):   31.6667 %
Avg latency per task: 58434 ms
========================
