[INIT] Model loaded in 312.50 ms
[INIT] Memory used for model: 178.47 MB
[INIT] CPU at model load: [24.1, 100.0, 0.0, 15.6]

===== PYTHON FALLBACK SUMMARY =====
Total images inferred:     1022
Model load time:           312.50 ms
Model load memory used:    178.47 MB
Model load CPU snapshot:   [24.1, 100.0, 0.0, 15.6]

Avg inference time:        163.43 ms
Avg memory per inference:  0.17 MB

Per-core average CPU usage during inference:
  CPU 0: 95.39 %
  CPU 1: 96.79 %
  CPU 2: 94.97 %
  CPU 3: 97.47 %
Total CPU usage (max 400%): 384.62 %
====================================

===== FINAL STATS =====
Total tasks completed: 1500
Tasks sent to EC:      478
Tasks run locally:     1022
Percent run locally (ED): 68.1333 %
Percent offloaded (EC):   31.8667 %
Avg latency per task: 57724 ms
========================
