[INIT] Model loaded in 137.51 ms
[INIT] Memory used for model: 177.70 MB
[INIT] CPU at model load: [78.6, 0.0, 21.4, 0.0]

===== PYTHON FALLBACK SUMMARY =====
Total images inferred:     0
Model load time:           137.51 ms
Model load memory used:    177.70 MB
Model load CPU snapshot:   [78.6, 0.0, 21.4, 0.0]

Avg inference time:        0.00 ms
Avg memory per inference:  0.00 MB

Per-core average CPU usage during inference:
  CPU 0: 0.00 %
  CPU 1: 0.00 %
  CPU 2: 0.00 %
  CPU 3: 0.00 %
Total CPU usage (max 400%): 0.00 %
====================================

===== FINAL STATS =====
Total tasks generated:   3007
Total execution time:    100095 ms

Total tasks completed:   3007
Tasks sent to EC:        3007
Tasks run locally:       0
Percent local (ED):      0 %
Percent offloaded (EC):  100 %
Avg latency per task:    37 ms
=========================
