[INIT] Model loaded in 317.69 ms
[INIT] Memory used for model: 178.47 MB
[INIT] CPU at model load: [13.8, 100.0, 9.4, 9.4]

===== PYTHON FALLBACK SUMMARY =====
Total images inferred:     1026
Model load time:           317.69 ms
Model load memory used:    178.47 MB
Model load CPU snapshot:   [13.8, 100.0, 9.4, 9.4]

Avg inference time:        163.32 ms
Avg memory per inference:  0.17 MB

Per-core average CPU usage during inference:
  CPU 0: 95.60 %
  CPU 1: 97.87 %
  CPU 2: 94.99 %
  CPU 3: 96.32 %
Total CPU usage (max 400%): 384.78 %
====================================

===== FINAL STATS =====
Total tasks completed: 1500
Tasks sent to EC:      474
Tasks run locally:     1026
Percent run locally (ED): 68.4 %
Percent offloaded (EC):   31.6 %
Avg latency per task: 58074 ms
========================
