[INIT] Model loaded in 349.12 ms
[INIT] Memory used for model: 178.45 MB
[INIT] CPU at model load: [100.0, 0.0, 11.4, 2.9]

===== PYTHON FALLBACK SUMMARY =====
Total images inferred:     1030
Model load time:           349.12 ms
Model load memory used:    178.45 MB
Model load CPU snapshot:   [100.0, 0.0, 11.4, 2.9]

Avg inference time:        163.96 ms
Avg memory per inference:  0.17 MB

Per-core average CPU usage during inference:
  CPU 0: 96.95 %
  CPU 1: 95.97 %
  CPU 2: 96.72 %
  CPU 3: 95.12 %
Total CPU usage (max 400%): 384.76 %
====================================

===== FINAL STATS =====
Total tasks completed: 1500
Tasks sent to EC:      470
Tasks run locally:     1030
Percent run locally (ED): 68.6667 %
Percent offloaded (EC):   31.3333 %
Avg latency per task: 58938 ms
========================
