[INIT] Model loaded in 318.44 ms
[INIT] Memory used for model: 178.48 MB
[INIT] CPU at model load: [10.7, 6.7, 9.4, 100.0]

===== PYTHON FALLBACK SUMMARY =====
Total images inferred:     1023
Model load time:           318.44 ms
Model load memory used:    178.48 MB
Model load CPU snapshot:   [10.7, 6.7, 9.4, 100.0]

Avg inference time:        161.88 ms
Avg memory per inference:  0.17 MB

Per-core average CPU usage during inference:
  CPU 0: 95.12 %
  CPU 1: 95.02 %
  CPU 2: 96.21 %
  CPU 3: 98.44 %
Total CPU usage (max 400%): 384.79 %
====================================

===== FINAL STATS =====
Total tasks completed: 1500
Tasks sent to EC:      477
Tasks run locally:     1023
Percent run locally (ED): 68.2 %
Percent offloaded (EC):   31.8 %
Avg latency per task: 57244 ms
========================
