[INIT] Model loaded in 355.37 ms
[INIT] Memory used for model: 178.47 MB
[INIT] CPU at model load: [100.0, 5.9, 11.1, 8.3]

===== PYTHON FALLBACK SUMMARY =====
Total images inferred:     1175
Model load time:           355.37 ms
Model load memory used:    178.47 MB
Model load CPU snapshot:   [100.0, 5.9, 11.1, 8.3]

Avg inference time:        163.84 ms
Avg memory per inference:  0.15 MB

Per-core average CPU usage during inference:
  CPU 0: 95.73 %
  CPU 1: 95.07 %
  CPU 2: 96.72 %
  CPU 3: 97.34 %
Total CPU usage (max 400%): 384.86 %
====================================

===== FINAL STATS =====
Total tasks completed: 1500
Tasks sent to EC:      325
Tasks run locally:     1175
Percent run locally (ED): 78.3333 %
Percent offloaded (EC):   21.6667 %
Avg latency per task: 77105 ms
========================
