[INIT] Model loaded in 317.48 ms
[INIT] Memory used for model: 178.47 MB
[INIT] CPU at model load: [17.9, 10.0, 100.0, 6.5]

===== PYTHON FALLBACK SUMMARY =====
Total images inferred:     1175
Model load time:           317.48 ms
Model load memory used:    178.47 MB
Model load CPU snapshot:   [17.9, 10.0, 100.0, 6.5]

Avg inference time:        164.43 ms
Avg memory per inference:  0.15 MB

Per-core average CPU usage during inference:
  CPU 0: 96.17 %
  CPU 1: 97.10 %
  CPU 2: 96.36 %
  CPU 3: 95.10 %
Total CPU usage (max 400%): 384.73 %
====================================

===== FINAL STATS =====
Total tasks completed: 1500
Tasks sent to EC:      325
Tasks run locally:     1175
Percent run locally (ED): 78.3333 %
Percent offloaded (EC):   21.6667 %
Avg latency per task: 77546 ms
========================
