[INIT] Model loaded in 138.77 ms
[INIT] Memory used for model: 178.44 MB
[INIT] CPU at model load: [0.0, 6.7, 7.1, 100.0]

===== PYTHON FALLBACK SUMMARY =====
Total images inferred:     0
Model load time:           138.77 ms
Model load memory used:    178.44 MB
Model load CPU snapshot:   [0.0, 6.7, 7.1, 100.0]

Avg inference time:        0.00 ms
Avg memory per inference:  0.00 MB

Per-core average CPU usage during inference:
  CPU 0: 0.00 %
  CPU 1: 0.00 %
  CPU 2: 0.00 %
  CPU 3: 0.00 %
Total CPU usage (max 400%): 0.00 %
====================================

===== FINAL STATS =====
Total tasks generated:   4515
Total execution time:    100078 ms

Total tasks completed:   4515
Tasks sent to EC:        4515
Tasks run locally:       0
Percent local (ED):      0 %
Percent offloaded (EC):  100 %
Avg latency per task:    39 ms
=========================
