[INIT] Model loaded in 317.39 ms
[INIT] Memory used for model: 178.45 MB
[INIT] CPU at model load: [24.1, 6.3, 100.0, 9.4]

===== PYTHON FALLBACK SUMMARY =====
Total images inferred:     1174
Model load time:           317.39 ms
Model load memory used:    178.45 MB
Model load CPU snapshot:   [24.1, 6.3, 100.0, 9.4]

Avg inference time:        162.02 ms
Avg memory per inference:  0.15 MB

Per-core average CPU usage during inference:
  CPU 0: 97.90 %
  CPU 1: 96.12 %
  CPU 2: 95.60 %
  CPU 3: 95.07 %
Total CPU usage (max 400%): 384.69 %
====================================

===== FINAL STATS =====
Total tasks completed: 1500
Tasks sent to EC:      326
Tasks run locally:     1174
Percent run locally (ED): 78.2667 %
Percent offloaded (EC):   21.7333 %
Avg latency per task: 76207 ms
========================
