[INIT] Model loaded in 1840.62 ms
[INIT] Memory used for model: 177.92 MB
[INIT] CPU at model load: [3.3, 0.0, 6.5, 0.5]

===== PYTHON FALLBACK SUMMARY =====
Total images inferred:     0
Model load time:           1840.62 ms
Model load memory used:    177.92 MB
Model load CPU snapshot:   [3.3, 0.0, 6.5, 0.5]

Avg inference time:        0.00 ms
Avg memory per inference:  0.00 MB

Per-core average CPU usage during inference:
  CPU 0: 0.00 %
  CPU 1: 0.00 %
  CPU 2: 0.00 %
  CPU 3: 0.00 %
Total CPU usage (max 400%): 0.00 %
====================================

===== FINAL STATS =====
Total tasks generated:   475
Total execution time:    100143 ms

Total tasks completed:   475
Tasks sent to EC:        475
Tasks run locally:       0
Percent local (ED):      0 %
Percent offloaded (EC):  100 %
Avg latency per task:    42 ms
=========================
