[INIT] Model loaded in 276.79 ms
[INIT] Memory used for model: 178.44 MB
[INIT] CPU at model load: [3.8, 100.0, 0.0, 7.4]

===== PYTHON FALLBACK SUMMARY =====
Total images inferred:     0
Model load time:           276.79 ms
Model load memory used:    178.44 MB
Model load CPU snapshot:   [3.8, 100.0, 0.0, 7.4]

Avg inference time:        0.00 ms
Avg memory per inference:  0.00 MB

Per-core average CPU usage during inference:
  CPU 0: 0.00 %
  CPU 1: 0.00 %
  CPU 2: 0.00 %
  CPU 3: 0.00 %
Total CPU usage (max 400%): 0.00 %
====================================

===== FINAL STATS =====
Total tasks completed: 100
Tasks sent to EC:      100
Tasks run locally:     0
Percent run locally (ED): 0 %
Percent offloaded (EC):   100 %
Avg latency per task: 31 ms
========================
