[INIT] Model loaded in 318.78 ms
[INIT] Memory used for model: 178.48 MB
[INIT] CPU at model load: [20.7, 10.3, 100.0, 9.4]

===== PYTHON FALLBACK SUMMARY =====
Total images inferred:     1176
Model load time:           318.78 ms
Model load memory used:    178.48 MB
Model load CPU snapshot:   [20.7, 10.3, 100.0, 9.4]

Avg inference time:        162.72 ms
Avg memory per inference:  0.15 MB

Per-core average CPU usage during inference:
  CPU 0: 95.00 %
  CPU 1: 96.18 %
  CPU 2: 98.51 %
  CPU 3: 95.13 %
Total CPU usage (max 400%): 384.82 %
====================================

===== FINAL STATS =====
Total tasks completed: 1500
Tasks sent to EC:      324
Tasks run locally:     1176
Percent run locally (ED): 78.4 %
Percent offloaded (EC):   21.6 %
Avg latency per task: 76692 ms
========================
