[INIT] Model loaded in 353.49 ms
[INIT] Memory used for model: 178.45 MB
[INIT] CPU at model load: [100.0, 2.9, 8.3, 8.6]

===== PYTHON FALLBACK SUMMARY =====
Total images inferred:     1177
Model load time:           353.49 ms
Model load memory used:    178.45 MB
Model load CPU snapshot:   [100.0, 2.9, 8.3, 8.6]

Avg inference time:        162.29 ms
Avg memory per inference:  0.15 MB

Per-core average CPU usage during inference:
  CPU 0: 96.34 %
  CPU 1: 95.02 %
  CPU 2: 96.38 %
  CPU 3: 96.88 %
Total CPU usage (max 400%): 384.62 %
====================================

===== FINAL STATS =====
Total tasks completed: 1500
Tasks sent to EC:      323
Tasks run locally:     1177
Percent run locally (ED): 78.4667 %
Percent offloaded (EC):   21.5333 %
Avg latency per task: 76823 ms
========================
