[INIT] Model loaded in 313.62 ms
[INIT] Memory used for model: 178.45 MB
[INIT] CPU at model load: [12.0, 6.7, 10.0, 100.0]

===== PYTHON FALLBACK SUMMARY =====
Total images inferred:     1174
Model load time:           313.62 ms
Model load memory used:    178.45 MB
Model load CPU snapshot:   [12.0, 6.7, 10.0, 100.0]

Avg inference time:        161.94 ms
Avg memory per inference:  0.15 MB

Per-core average CPU usage during inference:
  CPU 0: 95.07 %
  CPU 1: 96.89 %
  CPU 2: 95.00 %
  CPU 3: 97.84 %
Total CPU usage (max 400%): 384.80 %
====================================

===== FINAL STATS =====
Total tasks completed: 1500
Tasks sent to EC:      326
Tasks run locally:     1174
Percent run locally (ED): 78.2667 %
Percent offloaded (EC):   21.7333 %
Avg latency per task: 76221 ms
========================
