[INIT] Model loaded in 319.04 ms
[INIT] Memory used for model: 178.47 MB
[INIT] CPU at model load: [30.0, 12.5, 6.5, 100.0]

===== PYTHON FALLBACK SUMMARY =====
Total images inferred:     1174
Model load time:           319.04 ms
Model load memory used:    178.47 MB
Model load CPU snapshot:   [30.0, 12.5, 6.5, 100.0]

Avg inference time:        161.96 ms
Avg memory per inference:  0.15 MB

Per-core average CPU usage during inference:
  CPU 0: 95.54 %
  CPU 1: 95.00 %
  CPU 2: 96.37 %
  CPU 3: 97.83 %
Total CPU usage (max 400%): 384.74 %
====================================

===== FINAL STATS =====
Total tasks completed: 1500
Tasks sent to EC:      326
Tasks run locally:     1174
Percent run locally (ED): 78.2667 %
Percent offloaded (EC):   21.7333 %
Avg latency per task: 76273 ms
========================
