[INIT] Model loaded in 319.61 ms
[INIT] Memory used for model: 178.48 MB
[INIT] CPU at model load: [7.1, 100.0, 12.9, 15.6]

===== PYTHON FALLBACK SUMMARY =====
Total images inferred:     1173
Model load time:           319.61 ms
Model load memory used:    178.48 MB
Model load CPU snapshot:   [7.1, 100.0, 12.9, 15.6]

Avg inference time:        164.25 ms
Avg memory per inference:  0.15 MB

Per-core average CPU usage during inference:
  CPU 0: 95.27 %
  CPU 1: 97.54 %
  CPU 2: 95.51 %
  CPU 3: 96.45 %
Total CPU usage (max 400%): 384.77 %
====================================

===== FINAL STATS =====
Total tasks completed: 1500
Tasks sent to EC:      327
Tasks run locally:     1173
Percent run locally (ED): 78.2 %
Percent offloaded (EC):   21.8 %
Avg latency per task: 77165 ms
========================
