[INIT] Model loaded in 318.35 ms
[INIT] Memory used for model: 178.48 MB
[INIT] CPU at model load: [23.3, 97.0, 6.5, 18.2]

===== PYTHON FALLBACK SUMMARY =====
Total images inferred:     1174
Model load time:           318.35 ms
Model load memory used:    178.48 MB
Model load CPU snapshot:   [23.3, 97.0, 6.5, 18.2]

Avg inference time:        163.96 ms
Avg memory per inference:  0.15 MB

Per-core average CPU usage during inference:
  CPU 0: 95.81 %
  CPU 1: 96.47 %
  CPU 2: 94.99 %
  CPU 3: 97.42 %
Total CPU usage (max 400%): 384.68 %
====================================

===== FINAL STATS =====
Total tasks completed: 1500
Tasks sent to EC:      326
Tasks run locally:     1174
Percent run locally (ED): 78.2667 %
Percent offloaded (EC):   21.7333 %
Avg latency per task: 77151 ms
========================
