[INIT] Model loaded in 321.29 ms
[INIT] Memory used for model: 178.47 MB
[INIT] CPU at model load: [41.9, 9.7, 12.5, 100.0]

===== PYTHON FALLBACK SUMMARY =====
Total images inferred:     1321
Model load time:           321.29 ms
Model load memory used:    178.47 MB
Model load CPU snapshot:   [41.9, 9.7, 12.5, 100.0]

Avg inference time:        161.69 ms
Avg memory per inference:  0.13 MB

Per-core average CPU usage during inference:
  CPU 0: 95.81 %
  CPU 1: 95.07 %
  CPU 2: 96.84 %
  CPU 3: 97.04 %
Total CPU usage (max 400%): 384.76 %
====================================

===== FINAL STATS =====
Total tasks completed: 1500
Tasks sent to EC:      179
Tasks run locally:     1321
Percent run locally (ED): 88.0667 %
Percent offloaded (EC):   11.9333 %
Avg latency per task: 96901 ms
========================
