[INIT] Model loaded in 318.49 ms
[INIT] Memory used for model: 178.48 MB
[INIT] CPU at model load: [20.7, 30.3, 100.0, 9.7]

===== PYTHON FALLBACK SUMMARY =====
Total images inferred:     1325
Model load time:           318.49 ms
Model load memory used:    178.48 MB
Model load CPU snapshot:   [20.7, 30.3, 100.0, 9.7]

Avg inference time:        164.37 ms
Avg memory per inference:  0.13 MB

Per-core average CPU usage during inference:
  CPU 0: 95.11 %
  CPU 1: 95.15 %
  CPU 2: 97.62 %
  CPU 3: 97.05 %
Total CPU usage (max 400%): 384.93 %
====================================

===== FINAL STATS =====
Total tasks completed: 1500
Tasks sent to EC:      175
Tasks run locally:     1325
Percent run locally (ED): 88.3333 %
Percent offloaded (EC):   11.6667 %
Avg latency per task: 99059 ms
========================
