[INIT] Model loaded in 323.28 ms
[INIT] Memory used for model: 178.47 MB
[INIT] CPU at model load: [32.1, 100.0, 24.2, 9.7]

===== PYTHON FALLBACK SUMMARY =====
Total images inferred:     1325
Model load time:           323.28 ms
Model load memory used:    178.47 MB
Model load CPU snapshot:   [32.1, 100.0, 24.2, 9.7]

Avg inference time:        162.67 ms
Avg memory per inference:  0.13 MB

Per-core average CPU usage during inference:
  CPU 0: 94.98 %
  CPU 1: 96.32 %
  CPU 2: 98.36 %
  CPU 3: 95.14 %
Total CPU usage (max 400%): 384.80 %
====================================

===== FINAL STATS =====
Total tasks completed: 1500
Tasks sent to EC:      175
Tasks run locally:     1325
Percent run locally (ED): 88.3333 %
Percent offloaded (EC):   11.6667 %
Avg latency per task: 98320 ms
========================
