[INIT] Model loaded in 363.67 ms
[INIT] Memory used for model: 178.47 MB
[INIT] CPU at model load: [100.0, 16.7, 2.9, 17.5]

===== PYTHON FALLBACK SUMMARY =====
Total images inferred:     1327
Model load time:           363.67 ms
Model load memory used:    178.47 MB
Model load CPU snapshot:   [100.0, 16.7, 2.9, 17.5]

Avg inference time:        162.41 ms
Avg memory per inference:  0.13 MB

Per-core average CPU usage during inference:
  CPU 0: 98.09 %
  CPU 1: 95.18 %
  CPU 2: 95.08 %
  CPU 3: 96.41 %
Total CPU usage (max 400%): 384.76 %
====================================

===== FINAL STATS =====
Total tasks completed: 1500
Tasks sent to EC:      173
Tasks run locally:     1327
Percent run locally (ED): 88.4667 %
Percent offloaded (EC):   11.5333 %
Avg latency per task: 98414 ms
========================
