[INIT] Model loaded in 323.74 ms
[INIT] Memory used for model: 178.47 MB
[INIT] CPU at model load: [28.6, 15.6, 24.2, 100.0]

===== PYTHON FALLBACK SUMMARY =====
Total images inferred:     1327
Model load time:           323.74 ms
Model load memory used:    178.47 MB
Model load CPU snapshot:   [28.6, 15.6, 24.2, 100.0]

Avg inference time:        162.64 ms
Avg memory per inference:  0.13 MB

Per-core average CPU usage during inference:
  CPU 0: 96.07 %
  CPU 1: 95.01 %
  CPU 2: 95.49 %
  CPU 3: 97.97 %
Total CPU usage (max 400%): 384.54 %
====================================

===== FINAL STATS =====
Total tasks completed: 1500
Tasks sent to EC:      173
Tasks run locally:     1327
Percent run locally (ED): 88.4667 %
Percent offloaded (EC):   11.5333 %
Avg latency per task: 98576 ms
========================
