[INIT] Model loaded in 323.74 ms
[INIT] Memory used for model: 178.47 MB
[INIT] CPU at model load: [47.1, 14.7, 100.0, 16.1]

===== PYTHON FALLBACK SUMMARY =====
Total images inferred:     1324
Model load time:           323.74 ms
Model load memory used:    178.47 MB
Model load CPU snapshot:   [47.1, 14.7, 100.0, 16.1]

Avg inference time:        162.07 ms
Avg memory per inference:  0.13 MB

Per-core average CPU usage during inference:
  CPU 0: 95.56 %
  CPU 1: 95.07 %
  CPU 2: 96.71 %
  CPU 3: 97.47 %
Total CPU usage (max 400%): 384.81 %
====================================

===== FINAL STATS =====
Total tasks completed: 1500
Tasks sent to EC:      176
Tasks run locally:     1324
Percent run locally (ED): 88.2667 %
Percent offloaded (EC):   11.7333 %
Avg latency per task: 97465 ms
========================
