[INIT] Model loaded in 322.50 ms
[INIT] Memory used for model: 178.45 MB
[INIT] CPU at model load: [45.5, 0.0, 25.8, 100.0]

===== PYTHON FALLBACK SUMMARY =====
Total images inferred:     1322
Model load time:           322.50 ms
Model load memory used:    178.45 MB
Model load CPU snapshot:   [45.5, 0.0, 25.8, 100.0]

Avg inference time:        163.63 ms
Avg memory per inference:  0.13 MB

Per-core average CPU usage during inference:
  CPU 0: 95.83 %
  CPU 1: 95.05 %
  CPU 2: 97.19 %
  CPU 3: 96.67 %
Total CPU usage (max 400%): 384.74 %
====================================

===== FINAL STATS =====
Total tasks completed: 1500
Tasks sent to EC:      178
Tasks run locally:     1322
Percent run locally (ED): 88.1333 %
Percent offloaded (EC):   11.8667 %
Avg latency per task: 98440 ms
========================
