[INIT] Model loaded in 322.77 ms
[INIT] Memory used for model: 178.47 MB
[INIT] CPU at model load: [34.4, 26.5, 10.0, 100.0]

===== PYTHON FALLBACK SUMMARY =====
Total images inferred:     1324
Model load time:           322.77 ms
Model load memory used:    178.47 MB
Model load CPU snapshot:   [34.4, 26.5, 10.0, 100.0]

Avg inference time:        163.61 ms
Avg memory per inference:  0.13 MB

Per-core average CPU usage during inference:
  CPU 0: 95.72 %
  CPU 1: 97.17 %
  CPU 2: 95.42 %
  CPU 3: 96.31 %
Total CPU usage (max 400%): 384.62 %
====================================

===== FINAL STATS =====
Total tasks completed: 1500
Tasks sent to EC:      176
Tasks run locally:     1324
Percent run locally (ED): 88.2667 %
Percent offloaded (EC):   11.7333 %
Avg latency per task: 98572 ms
========================
