[INIT] Model loaded in 360.02 ms
[INIT] Memory used for model: 178.47 MB
[INIT] CPU at model load: [100.0, 5.7, 13.9, 0.0]

===== PYTHON FALLBACK SUMMARY =====
Total images inferred:     1328
Model load time:           360.02 ms
Model load memory used:    178.47 MB
Model load CPU snapshot:   [100.0, 5.7, 13.9, 0.0]

Avg inference time:        162.82 ms
Avg memory per inference:  0.13 MB

Per-core average CPU usage during inference:
  CPU 0: 95.42 %
  CPU 1: 96.88 %
  CPU 2: 97.34 %
  CPU 3: 95.10 %
Total CPU usage (max 400%): 384.74 %
====================================

===== FINAL STATS =====
Total tasks completed: 1500
Tasks sent to EC:      172
Tasks run locally:     1328
Percent run locally (ED): 88.5333 %
Percent offloaded (EC):   11.4667 %
Avg latency per task: 98772 ms
========================
