[INIT] Model loaded in 361.98 ms
[INIT] Memory used for model: 178.45 MB
[INIT] CPU at model load: [100.0, 3.0, 13.5, 8.3]

===== PYTHON FALLBACK SUMMARY =====
Total images inferred:     1329
Model load time:           361.98 ms
Model load memory used:    178.45 MB
Model load CPU snapshot:   [100.0, 3.0, 13.5, 8.3]

Avg inference time:        162.76 ms
Avg memory per inference:  0.13 MB

Per-core average CPU usage during inference:
  CPU 0: 99.22 %
  CPU 1: 94.98 %
  CPU 2: 95.44 %
  CPU 3: 95.02 %
Total CPU usage (max 400%): 384.66 %
====================================

===== FINAL STATS =====
Total tasks completed: 1500
Tasks sent to EC:      171
Tasks run locally:     1329
Percent run locally (ED): 88.6 %
Percent offloaded (EC):   11.4 %
Avg latency per task: 98944 ms
========================
