[INIT] Model loaded in 322.78 ms
[INIT] Memory used for model: 178.48 MB
[INIT] CPU at model load: [31.0, 12.9, 9.1, 100.0]

===== PYTHON FALLBACK SUMMARY =====
Total images inferred:     1327
Model load time:           322.78 ms
Model load memory used:    178.48 MB
Model load CPU snapshot:   [31.0, 12.9, 9.1, 100.0]

Avg inference time:        162.13 ms
Avg memory per inference:  0.13 MB

Per-core average CPU usage during inference:
  CPU 0: 94.81 %
  CPU 1: 97.03 %
  CPU 2: 94.98 %
  CPU 3: 97.85 %
Total CPU usage (max 400%): 384.67 %
====================================

===== FINAL STATS =====
Total tasks completed: 1500
Tasks sent to EC:      173
Tasks run locally:     1327
Percent run locally (ED): 88.4667 %
Percent offloaded (EC):   11.5333 %
Avg latency per task: 98211 ms
========================
