[INIT] Model loaded in 363.19 ms
[INIT] Memory used for model: 178.48 MB
[INIT] CPU at model load: [100.0, 14.7, 2.8, 5.7]

===== PYTHON FALLBACK SUMMARY =====
Total images inferred:     1329
Model load time:           363.19 ms
Model load memory used:    178.48 MB
Model load CPU snapshot:   [100.0, 14.7, 2.8, 5.7]

Avg inference time:        162.50 ms
Avg memory per inference:  0.13 MB

Per-core average CPU usage during inference:
  CPU 0: 96.36 %
  CPU 1: 98.30 %
  CPU 2: 94.99 %
  CPU 3: 95.09 %
Total CPU usage (max 400%): 384.74 %
====================================

===== FINAL STATS =====
Total tasks completed: 1500
Tasks sent to EC:      171
Tasks run locally:     1329
Percent run locally (ED): 88.6 %
Percent offloaded (EC):   11.4 %
Avg latency per task: 98638 ms
========================
