[INIT] Model loaded in 367.26 ms
[INIT] Memory used for model: 178.45 MB
[INIT] CPU at model load: [100.0, 2.9, 11.4, 5.6]

===== PYTHON FALLBACK SUMMARY =====
Total images inferred:     1327
Model load time:           367.26 ms
Model load memory used:    178.45 MB
Model load CPU snapshot:   [100.0, 2.9, 11.4, 5.6]

Avg inference time:        162.97 ms
Avg memory per inference:  0.13 MB

Per-core average CPU usage during inference:
  CPU 0: 97.38 %
  CPU 1: 95.00 %
  CPU 2: 95.14 %
  CPU 3: 97.21 %
Total CPU usage (max 400%): 384.73 %
====================================

===== FINAL STATS =====
Total tasks completed: 1500
Tasks sent to EC:      173
Tasks run locally:     1327
Percent run locally (ED): 88.4667 %
Percent offloaded (EC):   11.5333 %
Avg latency per task: 98773 ms
========================
