[INIT] Model loaded in 320.74 ms
[INIT] Memory used for model: 178.47 MB
[INIT] CPU at model load: [52.5, 16.1, 6.5, 100.0]

===== PYTHON FALLBACK SUMMARY =====
Total images inferred:     1322
Model load time:           320.74 ms
Model load memory used:    178.47 MB
Model load CPU snapshot:   [52.5, 16.1, 6.5, 100.0]

Avg inference time:        163.22 ms
Avg memory per inference:  0.13 MB

Per-core average CPU usage during inference:
  CPU 0: 97.30 %
  CPU 1: 94.97 %
  CPU 2: 95.22 %
  CPU 3: 97.25 %
Total CPU usage (max 400%): 384.73 %
====================================

===== FINAL STATS =====
Total tasks completed: 1500
Tasks sent to EC:      178
Tasks run locally:     1322
Percent run locally (ED): 88.1333 %
Percent offloaded (EC):   11.8667 %
Avg latency per task: 98097 ms
========================
