[INIT] Model loaded in 322.96 ms
[INIT] Memory used for model: 178.47 MB
[INIT] CPU at model load: [43.6, 20.0, 3.4, 100.0]

===== PYTHON FALLBACK SUMMARY =====
Total images inferred:     1324
Model load time:           322.96 ms
Model load memory used:    178.47 MB
Model load CPU snapshot:   [43.6, 20.0, 3.4, 100.0]

Avg inference time:        163.08 ms
Avg memory per inference:  0.13 MB

Per-core average CPU usage during inference:
  CPU 0: 94.91 %
  CPU 1: 97.00 %
  CPU 2: 95.05 %
  CPU 3: 97.68 %
Total CPU usage (max 400%): 384.64 %
====================================

===== FINAL STATS =====
Total tasks completed: 1500
Tasks sent to EC:      176
Tasks run locally:     1324
Percent run locally (ED): 88.2667 %
Percent offloaded (EC):   11.7333 %
Avg latency per task: 98432 ms
========================
