[INIT] Model loaded in 323.27 ms
[INIT] Memory used for model: 178.48 MB
[INIT] CPU at model load: [37.5, 100.0, 22.6, 9.4]

===== PYTHON FALLBACK SUMMARY =====
Total images inferred:     879
Model load time:           323.27 ms
Model load memory used:    178.48 MB
Model load CPU snapshot:   [37.5, 100.0, 22.6, 9.4]

Avg inference time:        156.29 ms
Avg memory per inference:  0.20 MB

Per-core average CPU usage during inference:
  CPU 0: 95.14 %
  CPU 1: 98.34 %
  CPU 2: 95.79 %
  CPU 3: 95.00 %
Total CPU usage (max 400%): 384.27 %
====================================

===== FINAL STATS =====
Total tasks completed: 1000
Tasks sent to EC:      121
Tasks run locally:     879
Percent run locally (ED): 87.9 %
Percent offloaded (EC):   12.1 %
Avg latency per task: 62239 ms
========================
