[INIT] Model loaded in 320.38 ms
[INIT] Memory used for model: 178.47 MB
[INIT] CPU at model load: [47.1, 100.0, 12.5, 15.6]

===== PYTHON FALLBACK SUMMARY =====
Total images inferred:     1324
Model load time:           320.38 ms
Model load memory used:    178.47 MB
Model load CPU snapshot:   [47.1, 100.0, 12.5, 15.6]

Avg inference time:        163.68 ms
Avg memory per inference:  0.13 MB

Per-core average CPU usage during inference:
  CPU 0: 95.52 %
  CPU 1: 96.61 %
  CPU 2: 96.91 %
  CPU 3: 95.84 %
Total CPU usage (max 400%): 384.88 %
====================================

===== FINAL STATS =====
Total tasks completed: 1500
Tasks sent to EC:      176
Tasks run locally:     1324
Percent run locally (ED): 88.2667 %
Percent offloaded (EC):   11.7333 %
Avg latency per task: 98654 ms
========================
