[INIT] Model loaded in 306.47 ms
[INIT] Memory used for model: 178.48 MB
[INIT] CPU at model load: [100.0, 3.2, 9.4, 12.1]

===== PYTHON FALLBACK SUMMARY =====
Total images inferred:     0
Model load time:           306.47 ms
Model load memory used:    178.48 MB
Model load CPU snapshot:   [100.0, 3.2, 9.4, 12.1]

Avg inference time:        0.00 ms
Avg memory per inference:  0.00 MB

Per-core average CPU usage during inference:
  CPU 0: 0.00 %
  CPU 1: 0.00 %
  CPU 2: 0.00 %
  CPU 3: 0.00 %
Total CPU usage (max 400%): 0.00 %
====================================

===== FINAL STATS =====
Total tasks completed: 150
Tasks sent to EC:      150
Tasks run locally:     0
Percent run locally (ED): 0 %
Percent offloaded (EC):   100 %
Avg latency per task: 35 ms
========================
