[INIT] Model loaded in 323.40 ms
[INIT] Memory used for model: 178.48 MB
[INIT] CPU at model load: [46.9, 21.2, 3.2, 100.0]

===== PYTHON FALLBACK SUMMARY =====
Total images inferred:     1326
Model load time:           323.40 ms
Model load memory used:    178.48 MB
Model load CPU snapshot:   [46.9, 21.2, 3.2, 100.0]

Avg inference time:        163.34 ms
Avg memory per inference:  0.13 MB

Per-core average CPU usage during inference:
  CPU 0: 96.11 %
  CPU 1: 96.05 %
  CPU 2: 95.01 %
  CPU 3: 97.48 %
Total CPU usage (max 400%): 384.66 %
====================================

===== FINAL STATS =====
Total tasks completed: 1500
Tasks sent to EC:      174
Tasks run locally:     1326
Percent run locally (ED): 88.4 %
Percent offloaded (EC):   11.6 %
Avg latency per task: 98799 ms
========================
