[INIT] Model loaded in 324.38 ms
[INIT] Memory used for model: 178.48 MB
[INIT] CPU at model load: [37.0, 100.0, 15.6, 6.5]

===== PYTHON FALLBACK SUMMARY =====
Total images inferred:     1325
Model load time:           324.38 ms
Model load memory used:    178.48 MB
Model load CPU snapshot:   [37.0, 100.0, 15.6, 6.5]

Avg inference time:        163.35 ms
Avg memory per inference:  0.13 MB

Per-core average CPU usage during inference:
  CPU 0: 96.78 %
  CPU 1: 96.98 %
  CPU 2: 95.89 %
  CPU 3: 95.05 %
Total CPU usage (max 400%): 384.70 %
====================================

===== FINAL STATS =====
Total tasks completed: 1500
Tasks sent to EC:      175
Tasks run locally:     1325
Percent run locally (ED): 88.3333 %
Percent offloaded (EC):   11.6667 %
Avg latency per task: 98629 ms
========================
