[INIT] Model loaded in 316.73 ms
[INIT] Memory used for model: 178.47 MB
[INIT] CPU at model load: [40.7, 16.1, 100.0, 3.1]

===== PYTHON FALLBACK SUMMARY =====
Total images inferred:     1324
Model load time:           316.73 ms
Model load memory used:    178.47 MB
Model load CPU snapshot:   [40.7, 16.1, 100.0, 3.1]

Avg inference time:        161.97 ms
Avg memory per inference:  0.13 MB

Per-core average CPU usage during inference:
  CPU 0: 95.90 %
  CPU 1: 97.49 %
  CPU 2: 96.21 %
  CPU 3: 95.13 %
Total CPU usage (max 400%): 384.74 %
====================================

===== FINAL STATS =====
Total tasks completed: 1500
Tasks sent to EC:      176
Tasks run locally:     1324
Percent run locally (ED): 88.2667 %
Percent offloaded (EC):   11.7333 %
Avg latency per task: 97437 ms
========================
