[INIT] Model loaded in 281.71 ms
[INIT] Memory used for model: 178.45 MB
[INIT] CPU at model load: [14.8, 100.0, 7.4, 3.4]

===== PYTHON FALLBACK SUMMARY =====
Total images inferred:     0
Model load time:           281.71 ms
Model load memory used:    178.45 MB
Model load CPU snapshot:   [14.8, 100.0, 7.4, 3.4]

Avg inference time:        0.00 ms
Avg memory per inference:  0.00 MB

Per-core average CPU usage during inference:
  CPU 0: 0.00 %
  CPU 1: 0.00 %
  CPU 2: 0.00 %
  CPU 3: 0.00 %
Total CPU usage (max 400%): 0.00 %
====================================

===== FINAL STATS =====
Total tasks completed: 150
Tasks sent to EC:      150
Tasks run locally:     0
Percent run locally (ED): 0 %
Percent offloaded (EC):   100 %
Avg latency per task: 35 ms
========================
