[INIT] Model loaded in 322.33 ms
[INIT] Memory used for model: 178.47 MB
[INIT] CPU at model load: [32.3, 12.1, 100.0, 27.3]

===== PYTHON FALLBACK SUMMARY =====
Total images inferred:     1325
Model load time:           322.33 ms
Model load memory used:    178.47 MB
Model load CPU snapshot:   [32.3, 12.1, 100.0, 27.3]

Avg inference time:        162.45 ms
Avg memory per inference:  0.13 MB

Per-core average CPU usage during inference:
  CPU 0: 96.39 %
  CPU 1: 95.90 %
  CPU 2: 97.24 %
  CPU 3: 95.38 %
Total CPU usage (max 400%): 384.91 %
====================================

===== FINAL STATS =====
Total tasks completed: 1500
Tasks sent to EC:      175
Tasks run locally:     1325
Percent run locally (ED): 88.3333 %
Percent offloaded (EC):   11.6667 %
Avg latency per task: 98133 ms
========================
