[INIT] Model loaded in 319.74 ms
[INIT] Memory used for model: 178.45 MB
[INIT] CPU at model load: [36.4, 13.3, 100.0, 16.1]

===== PYTHON FALLBACK SUMMARY =====
Total images inferred:     1322
Model load time:           319.74 ms
Model load memory used:    178.45 MB
Model load CPU snapshot:   [36.4, 13.3, 100.0, 16.1]

Avg inference time:        164.06 ms
Avg memory per inference:  0.13 MB

Per-core average CPU usage during inference:
  CPU 0: 96.32 %
  CPU 1: 96.06 %
  CPU 2: 97.29 %
  CPU 3: 95.08 %
Total CPU usage (max 400%): 384.75 %
====================================

===== FINAL STATS =====
Total tasks completed: 1500
Tasks sent to EC:      178
Tasks run locally:     1322
Percent run locally (ED): 88.1333 %
Percent offloaded (EC):   11.8667 %
Avg latency per task: 98670 ms
========================
